<?xml version="1.0" encoding="UTF-8"?>
<testng-results skipped="0" failed="1" ignored="0" total="3" passed="2">
  <reporter-output>
  </reporter-output>
  <suite name="Suite" duration-ms="35286" started-at="2021-03-29T23:41:14 CDT" finished-at="2021-03-29T23:41:50 CDT">
    <groups>
    </groups>
    <test name="Payment Form-TestCase" duration-ms="35286" started-at="2021-03-29T23:41:14 CDT" finished-at="2021-03-29T23:41:50 CDT">
      <class name="Assigment.Payment_Form.Credit_Card_Payment_TC">
        <test-method status="PASS" signature="start()[pri:0, instance:Assigment.Payment_Form.Credit_Card_Payment_TC@5032714f]" name="start" is-config="true" duration-ms="2023" started-at="2021-03-29T23:41:14 CDT" finished-at="2021-03-29T23:41:16 CDT">
          <reporter-output>
          </reporter-output>
        </test-method> <!-- start -->
        <test-method status="PASS" signature="CreditCardTestCase(java.lang.String, java.lang.String, java.lang.String, java.lang.String, java.lang.String, java.lang.String, java.lang.String, java.lang.String, java.lang.String, java.lang.String, java.lang.String, java.lang.String, java.lang.String, java.lang.String)[pri:0, instance:Assigment.Payment_Form.Credit_Card_Payment_TC@5032714f]" name="CreditCardTestCase" duration-ms="11114" started-at="2021-03-29T23:41:16 CDT" data-provider="getData" finished-at="2021-03-29T23:41:27 CDT">
          <params>
            <param index="0">
              <value>
                <![CDATA[Test]]>
              </value>
            </param>
            <param index="1">
              <value>
                <![CDATA[QA]]>
              </value>
            </param>
            <param index="2">
              <value>
                <![CDATA[testingQA@gmail.com]]>
              </value>
            </param>
            <param index="3">
              <value>
                <![CDATA[Test Company]]>
              </value>
            </param>
            <param index="4">
              <value>
                <![CDATA[Test Descripition]]>
              </value>
            </param>
            <param index="5">
              <value>
                <![CDATA[12,000.00]]>
              </value>
            </param>
            <param index="6">
              <value>
                <![CDATA[One Time Payment]]>
              </value>
            </param>
            <param index="7">
              <value>
                <![CDATA[]]>
              </value>
            </param>
            <param index="8">
              <value>
                <![CDATA[Test QA]]>
              </value>
            </param>
            <param index="9">
              <value>
                <![CDATA[5112000100000003]]>
              </value>
            </param>
            <param index="10">
              <value>
                <![CDATA[06]]>
              </value>
            </param>
            <param index="11">
              <value>
                <![CDATA[2022]]>
              </value>
            </param>
            <param index="12">
              <value>
                <![CDATA[121]]>
              </value>
            </param>
            <param index="13">
              <value>
                <![CDATA[78727]]>
              </value>
            </param>
          </params>
          <reporter-output>
          </reporter-output>
        </test-method> <!-- CreditCardTestCase -->
        <test-method status="PASS" signature="CreditCardTestCase(java.lang.String, java.lang.String, java.lang.String, java.lang.String, java.lang.String, java.lang.String, java.lang.String, java.lang.String, java.lang.String, java.lang.String, java.lang.String, java.lang.String, java.lang.String, java.lang.String)[pri:0, instance:Assigment.Payment_Form.Credit_Card_Payment_TC@5032714f]" name="CreditCardTestCase" duration-ms="8125" started-at="2021-03-29T23:41:27 CDT" data-provider="getData" finished-at="2021-03-29T23:41:36 CDT">
          <params>
            <param index="0">
              <value>
                <![CDATA[Test1]]>
              </value>
            </param>
            <param index="1">
              <value>
                <![CDATA[QA]]>
              </value>
            </param>
            <param index="2">
              <value>
                <![CDATA[testingQA1@gmail.com]]>
              </value>
            </param>
            <param index="3">
              <value>
                <![CDATA[Test Company]]>
              </value>
            </param>
            <param index="4">
              <value>
                <![CDATA[Test Descripition]]>
              </value>
            </param>
            <param index="5">
              <value>
                <![CDATA[18,000.00]]>
              </value>
            </param>
            <param index="6">
              <value>
                <![CDATA[Recurring Payment]]>
              </value>
            </param>
            <param index="7">
              <value>
                <![CDATA[Monthly]]>
              </value>
            </param>
            <param index="8">
              <value>
                <![CDATA[Test1 QA]]>
              </value>
            </param>
            <param index="9">
              <value>
                <![CDATA[5112000100000003]]>
              </value>
            </param>
            <param index="10">
              <value>
                <![CDATA[06]]>
              </value>
            </param>
            <param index="11">
              <value>
                <![CDATA[2022]]>
              </value>
            </param>
            <param index="12">
              <value>
                <![CDATA[121]]>
              </value>
            </param>
            <param index="13">
              <value>
                <![CDATA[78727]]>
              </value>
            </param>
          </params>
          <reporter-output>
          </reporter-output>
        </test-method> <!-- CreditCardTestCase -->
        <test-method status="FAIL" signature="CreditCardTestCase(java.lang.String, java.lang.String, java.lang.String, java.lang.String, java.lang.String, java.lang.String, java.lang.String, java.lang.String, java.lang.String, java.lang.String, java.lang.String, java.lang.String, java.lang.String, java.lang.String)[pri:0, instance:Assigment.Payment_Form.Credit_Card_Payment_TC@5032714f]" name="CreditCardTestCase" duration-ms="13594" started-at="2021-03-29T23:41:36 CDT" data-provider="getData" finished-at="2021-03-29T23:41:49 CDT">
          <params>
            <param index="0">
              <value>
                <![CDATA[Test1]]>
              </value>
            </param>
            <param index="1">
              <value>
                <![CDATA[QA]]>
              </value>
            </param>
            <param index="2">
              <value>
                <![CDATA[testingQA1@gmail.com]]>
              </value>
            </param>
            <param index="3">
              <value>
                <![CDATA[Test Company]]>
              </value>
            </param>
            <param index="4">
              <value>
                <![CDATA[Test Descripition]]>
              </value>
            </param>
            <param index="5">
              <value>
                <![CDATA[15,000.00]]>
              </value>
            </param>
            <param index="6">
              <value>
                <![CDATA[Recurring Payment]]>
              </value>
            </param>
            <param index="7">
              <value>
                <![CDATA[Weekly]]>
              </value>
            </param>
            <param index="8">
              <value>
                <![CDATA[Test1 QA]]>
              </value>
            </param>
            <param index="9">
              <value>
                <![CDATA[5112000100000003]]>
              </value>
            </param>
            <param index="10">
              <value>
                <![CDATA[06]]>
              </value>
            </param>
            <param index="11">
              <value>
                <![CDATA[2022]]>
              </value>
            </param>
            <param index="12">
              <value>
                <![CDATA[121]]>
              </value>
            </param>
            <param index="13">
              <value>
                <![CDATA[78727]]>
              </value>
            </param>
          </params>
          <exception class="org.openqa.selenium.ElementNotInteractableException">
            <message>
              <![CDATA[element not interactable
  (Session info: headless chrome=89.0.4389.90)
Build info: version: '3.141.59', revision: 'e82be7d358', time: '2018-11-14T08:17:03'
System info: host: 'DESKTOP-3NLNO6U', ip: '192.168.1.169', os.name: 'Windows 10', os.arch: 'amd64', os.version: '10.0', java.version: '1.8.0_281'
Driver info: org.openqa.selenium.chrome.ChromeDriver
Capabilities {acceptInsecureCerts: false, browserName: chrome, browserVersion: 89.0.4389.90, chrome: {chromedriverVersion: 89.0.4389.23 (61b08ee2c5002..., userDataDir: C:\Users\jenis\AppData\Loca...}, goog:chromeOptions: {debuggerAddress: localhost:50709}, javascriptEnabled: true, networkConnectionEnabled: false, pageLoadStrategy: normal, platform: WINDOWS, platformName: WINDOWS, proxy: Proxy(), setWindowRect: true, strictFileInteractability: false, timeouts: {implicit: 0, pageLoad: 300000, script: 30000}, unhandledPromptBehavior: dismiss and notify, webauthn:extension:largeBlob: true, webauthn:virtualAuthenticators: true}
Session ID: 836846a2f31c3f1ca537279eff95de92]]>
            </message>
            <full-stacktrace>
              <![CDATA[org.openqa.selenium.ElementNotInteractableException: element not interactable
  (Session info: headless chrome=89.0.4389.90)
Build info: version: '3.141.59', revision: 'e82be7d358', time: '2018-11-14T08:17:03'
System info: host: 'DESKTOP-3NLNO6U', ip: '192.168.1.169', os.name: 'Windows 10', os.arch: 'amd64', os.version: '10.0', java.version: '1.8.0_281'
Driver info: org.openqa.selenium.chrome.ChromeDriver
Capabilities {acceptInsecureCerts: false, browserName: chrome, browserVersion: 89.0.4389.90, chrome: {chromedriverVersion: 89.0.4389.23 (61b08ee2c5002..., userDataDir: C:\Users\jenis\AppData\Loca...}, goog:chromeOptions: {debuggerAddress: localhost:50709}, javascriptEnabled: true, networkConnectionEnabled: false, pageLoadStrategy: normal, platform: WINDOWS, platformName: WINDOWS, proxy: Proxy(), setWindowRect: true, strictFileInteractability: false, timeouts: {implicit: 0, pageLoad: 300000, script: 30000}, unhandledPromptBehavior: dismiss and notify, webauthn:extension:largeBlob: true, webauthn:virtualAuthenticators: true}
Session ID: 836846a2f31c3f1ca537279eff95de92
at sun.reflect.NativeConstructorAccessorImpl.newInstance0(Native Method)
at sun.reflect.NativeConstructorAccessorImpl.newInstance(NativeConstructorAccessorImpl.java:62)
at sun.reflect.DelegatingConstructorAccessorImpl.newInstance(DelegatingConstructorAccessorImpl.java:45)
at java.lang.reflect.Constructor.newInstance(Constructor.java:423)
at org.openqa.selenium.remote.http.W3CHttpResponseCodec.createException(W3CHttpResponseCodec.java:187)
at org.openqa.selenium.remote.http.W3CHttpResponseCodec.decode(W3CHttpResponseCodec.java:122)
at org.openqa.selenium.remote.http.W3CHttpResponseCodec.decode(W3CHttpResponseCodec.java:49)
at org.openqa.selenium.remote.HttpCommandExecutor.execute(HttpCommandExecutor.java:158)
at org.openqa.selenium.remote.service.DriverCommandExecutor.execute(DriverCommandExecutor.java:83)
at org.openqa.selenium.remote.RemoteWebDriver.execute(RemoteWebDriver.java:552)
at org.openqa.selenium.remote.RemoteWebElement.execute(RemoteWebElement.java:285)
at org.openqa.selenium.remote.RemoteWebElement.sendKeys(RemoteWebElement.java:106)
at Assigment.Payment_Form.Credit_Card_Payment_TC.CreditCardTestCase(Credit_Card_Payment_TC.java:74)
at sun.reflect.NativeMethodAccessorImpl.invoke0(Native Method)
at sun.reflect.NativeMethodAccessorImpl.invoke(NativeMethodAccessorImpl.java:62)
at sun.reflect.DelegatingMethodAccessorImpl.invoke(DelegatingMethodAccessorImpl.java:43)
at java.lang.reflect.Method.invoke(Method.java:498)
at org.testng.internal.MethodInvocationHelper.invokeMethod(MethodInvocationHelper.java:132)
at org.testng.internal.TestInvoker.invokeMethod(TestInvoker.java:599)
at org.testng.internal.TestInvoker.invokeTestMethod(TestInvoker.java:174)
at org.testng.internal.MethodRunner.runInSequence(MethodRunner.java:46)
at org.testng.internal.TestInvoker$MethodInvocationAgent.invoke(TestInvoker.java:822)
at org.testng.internal.TestInvoker.invokeTestMethods(TestInvoker.java:147)
at org.testng.internal.TestMethodWorker.invokeTestMethods(TestMethodWorker.java:146)
at org.testng.internal.TestMethodWorker.run(TestMethodWorker.java:128)
at java.util.ArrayList.forEach(ArrayList.java:1259)
at org.testng.TestRunner.privateRun(TestRunner.java:764)
at org.testng.TestRunner.run(TestRunner.java:585)
at org.testng.SuiteRunner.runTest(SuiteRunner.java:384)
at org.testng.SuiteRunner.runSequentially(SuiteRunner.java:378)
at org.testng.SuiteRunner.privateRun(SuiteRunner.java:337)
at org.testng.SuiteRunner.run(SuiteRunner.java:286)
at org.testng.SuiteRunnerWorker.runSuite(SuiteRunnerWorker.java:53)
at org.testng.SuiteRunnerWorker.run(SuiteRunnerWorker.java:96)
at org.testng.TestNG.runSuitesSequentially(TestNG.java:1218)
at org.testng.TestNG.runSuitesLocally(TestNG.java:1140)
at org.testng.TestNG.runSuites(TestNG.java:1069)
at org.testng.TestNG.run(TestNG.java:1037)
at org.apache.maven.surefire.testng.TestNGExecutor.run(TestNGExecutor.java:283)
at org.apache.maven.surefire.testng.TestNGXmlTestSuite.execute(TestNGXmlTestSuite.java:75)
at org.apache.maven.surefire.testng.TestNGProvider.invoke(TestNGProvider.java:120)
at org.apache.maven.surefire.booter.ForkedBooter.invokeProviderInSameClassLoader(ForkedBooter.java:373)
at org.apache.maven.surefire.booter.ForkedBooter.runSuitesInProcess(ForkedBooter.java:334)
at org.apache.maven.surefire.booter.ForkedBooter.execute(ForkedBooter.java:119)
at org.apache.maven.surefire.booter.ForkedBooter.main(ForkedBooter.java:407)
]]>
            </full-stacktrace>
          </exception> <!-- org.openqa.selenium.ElementNotInteractableException -->
          <reporter-output>
          </reporter-output>
        </test-method> <!-- CreditCardTestCase -->
        <test-method status="PASS" signature="close()[pri:0, instance:Assigment.Payment_Form.Credit_Card_Payment_TC@5032714f]" name="close" is-config="true" duration-ms="99" started-at="2021-03-29T23:41:49 CDT" finished-at="2021-03-29T23:41:50 CDT">
          <reporter-output>
          </reporter-output>
        </test-method> <!-- close -->
      </class> <!-- Assigment.Payment_Form.Credit_Card_Payment_TC -->
    </test> <!-- Payment Form-TestCase -->
  </suite> <!-- Suite -->
</testng-results>
